INFO:root:Executed R('load(\'hw2/ex4-tests.rda\')')
INFO:root:Executed R('test.gg.output <- testGroupsGestation(test.data, g1, g2, test.alternative="greater")$p.value')
ERROR:root:(1 points) Checking R('all.equal(test.groups.gestation.t$p.value, test.gg.output, tolerance=1e-5)')[0]
ERROR:root:... Expecting: True
ERROR:root:... But got:   Modes: numeric, NULL
INFO:root:Executed R('load(\'hw3/ex2-tests.rda\')')
ERROR:root:(1 points) Checking R('all.equal(col.sorter.t, colSorter(ex2.test1))')[0]
ERROR:root:... Expecting: True
ERROR:root:... But got:   Modes: numeric, NULL
ERROR:root:(1 points) Checking R('all.equal(row.sorter.t, rowSorter(ex2.test2))')[0]
ERROR:root:... Expecting: True
ERROR:root:... But got:   Modes: numeric, NULL
ERROR:root:(2 points) Checking R('all.equal(unname(unlist(factor.sorter.t)), unname(unlist(factorSorter(iris, \'Sepal.Length\'))))')[0]
ERROR:root:... Expecting: True
ERROR:root:... But got:   Modes: numeric, NULL
INFO:root:Executed R('load(\'hw3/ex3-tests.rda\')')
ERROR:root:(1 points) Checking R('all.equal(sum.na.t, sumNA(ex3.test1))')[0]
ERROR:root:... Expecting: True
ERROR:root:... But got:   Modes: list, NULL
INFO:root:Executed R('set.seed(47)')
ERROR:root:(1 points) Checking R('all.equal(simulate.normals.t, simulateNormals(100, 5, 4, 5))')[0]
ERROR:root:... Expecting: True
ERROR:root:... But got:   Modes: numeric, NULL
ERROR:root:(1 points) Checking R('all.equal(list.lengths.t, listLengths(ex3.test2))')[0]
ERROR:root:... Expecting: True
ERROR:root:... But got:   Modes: numeric, NULL
ERROR:root:(1 points) Checking R('all.equal(matrix.list.means.t, matrixListMeans(ex3.test3))')[0]
ERROR:root:... Expecting: True
ERROR:root:... But got:   Modes: numeric, NULL
ERROR:root:(1 points) Checking R('all.equal(stand.matrix.variables.t, standMatrixVariables(ex3.test4))')[0]
ERROR:root:... Expecting: True
ERROR:root:... But got:   Modes: numeric, NULL
INFO:root:You got a 0 out of 30.
