INFO:root:(2 points) R('1 == length(poisProc(0.5, 10))')[0] is True
ERROR:root:(2 points) Checking R('is.integer(poisProc(0.5, 10))')[0]
ERROR:root:... Expecting: True
ERROR:root:... But got:   False
INFO:root:Executed R('set.seed(47)')
INFO:root:(2 points) R('all.equal(10, poisProc(0.5, 10))')[0] is True
ERROR:root:(2 points) Checking R('all.equal(8, poisProc(0.3, 30))')[0]
ERROR:root:... Expecting: True
ERROR:root:... But got:   Mean relative difference: 2.375
ERROR:root:(2 points) Checking R('all.equal(6, poisProc(1, 5))')[0]
ERROR:root:... Expecting: True
ERROR:root:... But got:   Mean relative difference: Inf
ERROR:root:(2 points) Checking R('1 == length(poisSim(0.5, 10))')[0]
ERROR:root:... Expecting: True
ERROR:root:... But got:   False
INFO:root:(2 points) R('is.integer(poisSim(0.5, c(10, 20)))')[0] is True
INFO:root:Executed R('set.seed(47)')
ERROR:root:(2 points) Checking R('all.equal(c(2, 0, 1, 2, 1), poisSim(0.25, 1:5))')[0]
ERROR:root:... Expecting: True
ERROR:root:... But got:   Mean relative difference: 0.75
ERROR:root:(2 points) Checking R('all.equal(c(1, 0, 1, 1, 3) , poisSim(0.15, 4:8))')[0]
ERROR:root:... Expecting: True
ERROR:root:... But got:   Mean relative difference: 0.8333333
ERROR:root:(2 points) Checking R('all.equal(c(0, 3) , poisSim(0.5, c(1,5)))')[0]
ERROR:root:... Expecting: True
ERROR:root:... But got:   Numeric: lengths (2, 5) differ
INFO:root:(2 points) Are there four histograms in one figure? is y
INFO:root:(2 points) Are the x-axis identical (0 to max arrivals)? is y
INFO:root:(2 points) Is freq=F set for all histograms? is y
INFO:root:(1 points) Is the x-axis labeled \'arrivals\'? is y
INFO:root:(1 points) Is the main title NULL? is y
INFO:root:(2 points) Is a fitted Poisson overlayed in red? is y
INFO:root:You got a 16 out of 30.
